#
# A fatal error has been detected by the Java Runtime Environment:
#
#  EXCEPTION_ACCESS_VIOLATION (0xc0000005) at pc=0x000000005a56100e, pid=1688, tid=7312
#
# JRE version: Java(TM) SE Runtime Environment (8.0_66-b17) (build 1.8.0_66-b17)
# Java VM: Java HotSpot(TM) 64-Bit Server VM (25.66-b17 mixed mode windows-amd64 compressed oops)
# Problematic frame:
# C  [jdwp.dll+0x2100e]
#
# Failed to write core dump. Minidumps are not enabled by default on client versions of Windows
#
# If you would like to submit a bug report, please visit:
#   http://bugreport.java.com/bugreport/crash.jsp
# The crash happened outside the Java Virtual Machine in native code.
# See problematic frame for where to report the bug.
#

---------------  T H R E A D  ---------------

Current thread (0x0000000016b3d000):  JavaThread "JDWP Command Reader" daemon [_thread_in_native, id=7312, stack(0x0000000017130000,0x0000000017230000)]

siginfo: ExceptionCode=0xc0000005, reading address 0x0000000000000000

Registers:
RAX=0x000000005a56f5a0, RBX=0x0000000016b3d000, RCX=0x0000000000000000, RDX=0x000000001557a210
RSP=0x000000001722f640, RBP=0x000000005a5691a8, RSI=0x000000001557a210, RDI=0x0000000017c6f2c0
R8 =0x000000001722f3e8, R9 =0x000000001722f440, R10=0x0000000000000000, R11=0x000000001722f5f0
R12=0x0000000016b3dbe0, R13=0x0000000016b3dfb8, R14=0x0000000000000000, R15=0x000000005a569198
RIP=0x000000005a56100e, EFLAGS=0x0000000000010202

Top of Stack: (sp=0x000000001722f640)
0x000000001722f640:   000000001722f6f0 000000005a5691a8
0x000000001722f650:   0000000000000004 000000005a7c51e5
0x000000001722f660:   0000000017c6f2c0 000000005a55fa11
0x000000001722f670:   000000001722f6f0 0000000000000013
0x000000001722f680:   0000000016b3dbd0 000000005a5b82dd
0x000000001722f690:   0000000017c6f2c0 000000005a54ee4a
0x000000001722f6a0:   0000000016b3d000 0000000016b3dbd0
0x000000001722f6b0:   0000000016b3dbd0 000000005a7615a3
0x000000001722f6c0:   0000000016b3d001 000000000295aac0
0x000000001722f6d0:   0000000016b3d000 000000001557bc70
0x000000001722f6e0:   0000000016b33250 000000005a69b85b
0x000000001722f6f0:   00001d7700000000 0000000016010900
0x000000001722f700:   000000001557af30 0000000016b3d000
0x000000001722f710:   0000000000000000 000000005a76ba28
0x000000001722f720:   0000000016b3d000 00000000000003d8
0x000000001722f730:   0000000016b33250 00000000000000d8 

Instructions: (pc=0x000000005a56100e)
0x000000005a560fee:   8b c8 e8 cb bb ff ff 84 c0 75 08 48 8b cb e8 53
0x000000005a560ffe:   c6 ff ff 48 8b 05 e0 ec 00 00 48 8b d6 48 8b 08
0x000000005a56100e:   48 8b 01 ff 90 00 01 00 00 8b c8 e8 62 ff ff ff
0x000000005a56101e:   8b f8 83 f8 34 74 bb 85 c0 74 61 8b c8 e8 c0 e2 


Register to memory mapping:

RAX=0x000000005a56f5a0 is an unknown value
RBX=0x0000000016b3d000 is a thread
RCX=0x0000000000000000 is an unknown value
RDX=0x000000001557a210 is an unknown value
RSP=0x000000001722f640 is pointing into the stack for thread: 0x0000000016b3d000
RBP=0x000000005a5691a8 is an unknown value
RSI=0x000000001557a210 is an unknown value
RDI=0x0000000017c6f2c0 is an unknown value
R8 =0x000000001722f3e8 is pointing into the stack for thread: 0x0000000016b3d000
R9 =0x000000001722f440 is pointing into the stack for thread: 0x0000000016b3d000
R10=0x0000000000000000 is an unknown value
R11=0x000000001722f5f0 is pointing into the stack for thread: 0x0000000016b3d000
R12=0x0000000016b3dbe0 is an unknown value
R13=0x0000000016b3dfb8 is an unknown value
R14=0x0000000000000000 is an unknown value
R15=0x000000005a569198 is an unknown value


Stack: [0x0000000017130000,0x0000000017230000],  sp=0x000000001722f640,  free space=1021k
Native frames: (J=compiled Java code, j=interpreted, Vv=VM code, C=native code)
C  [jdwp.dll+0x2100e]
C  [jdwp.dll+0xee4a]
V  [jvm.dll+0x1bba28]
V  [jvm.dll+0x243274]
V  [jvm.dll+0x29a0fa]
C  [msvcr100.dll+0x21d9f]
C  [msvcr100.dll+0x21e3b]
C  [KERNEL32.DLL+0x12d92]
C  [ntdll.dll+0x9f64]


---------------  P R O C E S S  ---------------

Java Threads: ( => current thread )
  0x0000000016bc0800 JavaThread "Service Thread" daemon [_thread_blocked, id=5456, stack(0x0000000017530000,0x0000000017630000)]
  0x0000000016b50000 JavaThread "C1 CompilerThread2" daemon [_thread_blocked, id=3324, stack(0x0000000017430000,0x0000000017530000)]
  0x0000000016b4e800 JavaThread "C2 CompilerThread1" daemon [_thread_blocked, id=5796, stack(0x0000000017330000,0x0000000017430000)]
  0x0000000016b49800 JavaThread "C2 CompilerThread0" daemon [_thread_blocked, id=2424, stack(0x0000000017230000,0x0000000017330000)]
=>0x0000000016b3d000 JavaThread "JDWP Command Reader" daemon [_thread_in_native, id=7312, stack(0x0000000017130000,0x0000000017230000)]
  0x0000000016b3a000 JavaThread "JDWP Event Helper Thread" daemon [_thread_blocked, id=604, stack(0x0000000017030000,0x0000000017130000)]
  0x000000001557e000 JavaThread "JDWP Transport Listener: dt_socket" daemon [_thread_blocked, id=9868, stack(0x0000000016f30000,0x0000000017030000)]
  0x0000000015573800 JavaThread "Attach Listener" daemon [_thread_blocked, id=11552, stack(0x0000000016a30000,0x0000000016b30000)]
  0x0000000015530000 JavaThread "Signal Dispatcher" daemon [_thread_blocked, id=3588, stack(0x0000000016930000,0x0000000016a30000)]
  0x0000000002ee7800 JavaThread "Finalizer" daemon [_thread_blocked, id=11332, stack(0x0000000016790000,0x0000000016890000)]
  0x0000000002ede800 JavaThread "Reference Handler" daemon [_thread_blocked, id=5756, stack(0x0000000016690000,0x0000000016790000)]

Other Threads:
  0x00000000154e8000 VMThread [stack: 0x0000000016590000,0x0000000016690000] [id=8908]

VM state:at safepoint (normal execution)

VM Mutex/Monitor currently owned by a thread:  ([mutex/lock_event])
[0x000000000295e440] Threads_lock - owner thread: 0x00000000154e8000
[0x000000000295e5c0] Heap_lock - owner thread: 0x0000000002df2800

Heap:
 PSYoungGen      total 264192K, used 8796K [0x00000000eb200000, 0x0000000100000000, 0x0000000100000000)
  eden space 260608K, 2% used [0x00000000eb200000,0x00000000eb717230,0x00000000fb080000)
  from space 3584K, 100% used [0x00000000fb080000,0x00000000fb400000,0x00000000fb400000)
  to   space 4608K, 0% used [0x00000000ffb80000,0x00000000ffb80000,0x0000000100000000)
 ParOldGen       total 44032K, used 3053K [0x00000000c1600000, 0x00000000c4100000, 0x00000000eb200000)
  object space 44032K, 6% used [0x00000000c1600000,0x00000000c18fb660,0x00000000c4100000)
 Metaspace       used 4449K, capacity 4882K, committed 5120K, reserved 1056768K
  class space    used 477K, capacity 501K, committed 512K, reserved 1048576K

Card table byte_map: [0x00000000122c0000,0x00000000124c0000] byte_map_base: 0x0000000011cb5000

Marking Bits: (ParMarkBitMap*) 0x000000005adba5b0
 Begin Bits: [0x0000000012a10000, 0x00000000139b8000)
 End Bits:   [0x00000000139b8000, 0x0000000014960000)

Polling page: 0x0000000002940000

CodeCache: size=245760Kb used=3326Kb max_used=3330Kb free=242433Kb
 bounds [0x0000000002f00000, 0x0000000003250000, 0x0000000011f00000]
 total_blobs=969 nmethods=687 adapters=203
 compilation: enabled

Compilation events (10 events):
Event: 4.848 Thread 0x0000000016b50000 nmethod 679 0x0000000003215550 code [0x00000000032156c0, 0x00000000032158e8]
Event: 4.848 Thread 0x0000000016b49800 nmethod 689 0x000000000318e590 code [0x000000000318e6e0, 0x000000000318e798]
Event: 4.856 Thread 0x0000000016b49800  690       4       java.util.TreeMap$PrivateEntryIterator::hasNext (13 bytes)
Event: 4.857 Thread 0x0000000016b49800 nmethod 690 0x000000000323ef10 code [0x000000000323f040, 0x000000000323f0b8]
Event: 4.859 Thread 0x0000000016b50000  691       3       sun.misc.FDBigInteger::mult (64 bytes)
Event: 4.860 Thread 0x0000000016b50000 nmethod 691 0x000000000323f710 code [0x000000000323f880, 0x000000000323fb10]
Event: 4.860 Thread 0x0000000016b50000  692       3       sun.misc.FDBigInteger::<init> (30 bytes)
Event: 4.860 Thread 0x0000000016b50000 nmethod 692 0x000000000323f290 code [0x000000000323f400, 0x000000000323f628]
Event: 4.860 Thread 0x0000000016b50000  693       3       sun.misc.FDBigInteger::trimLeadingZeros (57 bytes)
Event: 4.871 Thread 0x0000000016b50000 nmethod 693 0x00000000032427d0 code [0x0000000003242940, 0x0000000003242c70]

GC Heap History (10 events):
Event: 2.302 GC heap before
{Heap before GC invocations=5 (full 0):
 PSYoungGen      total 68096K, used 67189K [0x00000000eb200000, 0x00000000ef700000, 0x0000000100000000)
  eden space 65536K, 100% used [0x00000000eb200000,0x00000000ef200000,0x00000000ef200000)
  from space 2560K, 64% used [0x00000000ef480000,0x00000000ef61d630,0x00000000ef700000)
  to   space 2560K, 0% used [0x00000000ef200000,0x00000000ef200000,0x00000000ef480000)
 ParOldGen       total 44032K, used 8K [0x00000000c1600000, 0x00000000c4100000, 0x00000000eb200000)
  object space 44032K, 0% used [0x00000000c1600000,0x00000000c1602000,0x00000000c4100000)
 Metaspace       used 4199K, capacity 4818K, committed 4864K, reserved 1056768K
  class space    used 460K, capacity 501K, committed 512K, reserved 1048576K
Event: 2.307 GC heap after
Heap after GC invocations=5 (full 0):
 PSYoungGen      total 68096K, used 2165K [0x00000000eb200000, 0x00000000f3700000, 0x0000000100000000)
  eden space 65536K, 0% used [0x00000000eb200000,0x00000000eb200000,0x00000000ef200000)
  from space 2560K, 84% used [0x00000000ef200000,0x00000000ef41d610,0x00000000ef480000)
  to   space 2560K, 0% used [0x00000000f3480000,0x00000000f3480000,0x00000000f3700000)
 ParOldGen       total 44032K, used 8K [0x00000000c1600000, 0x00000000c4100000, 0x00000000eb200000)
  object space 44032K, 0% used [0x00000000c1600000,0x00000000c1602000,0x00000000c4100000)
 Metaspace       used 4199K, capacity 4818K, committed 4864K, reserved 1056768K
  class space    used 460K, capacity 501K, committed 512K, reserved 1048576K
}
Event: 2.742 GC heap before
{Heap before GC invocations=6 (full 0):
 PSYoungGen      total 68096K, used 67701K [0x00000000eb200000, 0x00000000f3700000, 0x0000000100000000)
  eden space 65536K, 100% used [0x00000000eb200000,0x00000000ef200000,0x00000000ef200000)
  from space 2560K, 84% used [0x00000000ef200000,0x00000000ef41d610,0x00000000ef480000)
  to   space 2560K, 0% used [0x00000000f3480000,0x00000000f3480000,0x00000000f3700000)
 ParOldGen       total 44032K, used 8K [0x00000000c1600000, 0x00000000c4100000, 0x00000000eb200000)
  object space 44032K, 0% used [0x00000000c1600000,0x00000000c1602000,0x00000000c4100000)
 Metaspace       used 4215K, capacity 4818K, committed 4864K, reserved 1056768K
  class space    used 460K, capacity 501K, committed 512K, reserved 1048576K
Event: 2.752 GC heap after
Heap after GC invocations=6 (full 0):
 PSYoungGen      total 133120K, used 2549K [0x00000000eb200000, 0x00000000f3800000, 0x0000000100000000)
  eden space 130560K, 0% used [0x00000000eb200000,0x00000000eb200000,0x00000000f3180000)
  from space 2560K, 99% used [0x00000000f3480000,0x00000000f36fd610,0x00000000f3700000)
  to   space 3072K, 0% used [0x00000000f3180000,0x00000000f3180000,0x00000000f3480000)
 ParOldGen       total 44032K, used 64K [0x00000000c1600000, 0x00000000c4100000, 0x00000000eb200000)
  object space 44032K, 0% used [0x00000000c1600000,0x00000000c1610000,0x00000000c4100000)
 Metaspace       used 4215K, capacity 4818K, committed 4864K, reserved 1056768K
  class space    used 460K, capacity 501K, committed 512K, reserved 1048576K
}
Event: 3.261 GC heap before
{Heap before GC invocations=7 (full 0):
 PSYoungGen      total 133120K, used 133109K [0x00000000eb200000, 0x00000000f3800000, 0x0000000100000000)
  eden space 130560K, 100% used [0x00000000eb200000,0x00000000f3180000,0x00000000f3180000)
  from space 2560K, 99% used [0x00000000f3480000,0x00000000f36fd610,0x00000000f3700000)
  to   space 3072K, 0% used [0x00000000f3180000,0x00000000f3180000,0x00000000f3480000)
 ParOldGen       total 44032K, used 64K [0x00000000c1600000, 0x00000000c4100000, 0x00000000eb200000)
  object space 44032K, 0% used [0x00000000c1600000,0x00000000c1610000,0x00000000c4100000)
 Metaspace       used 4219K, capacity 4818K, committed 4864K, reserved 1056768K
  class space    used 460K, capacity 501K, committed 512K, reserved 1048576K
Event: 3.268 GC heap after
Heap after GC invocations=7 (full 0):
 PSYoungGen      total 133632K, used 2528K [0x00000000eb200000, 0x00000000fb700000, 0x0000000100000000)
  eden space 130560K, 0% used [0x00000000eb200000,0x00000000eb200000,0x00000000f3180000)
  from space 3072K, 82% used [0x00000000f3180000,0x00000000f33f8000,0x00000000f3480000)
  to   space 3072K, 0% used [0x00000000fb400000,0x00000000fb400000,0x00000000fb700000)
 ParOldGen       total 44032K, used 1093K [0x00000000c1600000, 0x00000000c4100000, 0x00000000eb200000)
  object space 44032K, 2% used [0x00000000c1600000,0x00000000c1711660,0x00000000c4100000)
 Metaspace       used 4219K, capacity 4818K, committed 4864K, reserved 1056768K
  class space    used 460K, capacity 501K, committed 512K, reserved 1048576K
}
Event: 3.574 GC heap before
{Heap before GC invocations=8 (full 0):
 PSYoungGen      total 133632K, used 133088K [0x00000000eb200000, 0x00000000fb700000, 0x0000000100000000)
  eden space 130560K, 100% used [0x00000000eb200000,0x00000000f3180000,0x00000000f3180000)
  from space 3072K, 82% used [0x00000000f3180000,0x00000000f33f8000,0x00000000f3480000)
  to   space 3072K, 0% used [0x00000000fb400000,0x00000000fb400000,0x00000000fb700000)
 ParOldGen       total 44032K, used 1093K [0x00000000c1600000, 0x00000000c4100000, 0x00000000eb200000)
  object space 44032K, 2% used [0x00000000c1600000,0x00000000c1711660,0x00000000c4100000)
 Metaspace       used 4219K, capacity 4818K, committed 4864K, reserved 1056768K
  class space    used 460K, capacity 501K, committed 512K, reserved 1048576K
Event: 3.586 GC heap after
Heap after GC invocations=8 (full 0):
 PSYoungGen      total 263680K, used 3008K [0x00000000eb200000, 0x00000000fb800000, 0x0000000100000000)
  eden space 260608K, 0% used [0x00000000eb200000,0x00000000eb200000,0x00000000fb080000)
  from space 3072K, 97% used [0x00000000fb400000,0x00000000fb6f0000,0x00000000fb700000)
  to   space 3584K, 0% used [0x00000000fb080000,0x00000000fb080000,0x00000000fb400000)
 ParOldGen       total 44032K, used 1613K [0x00000000c1600000, 0x00000000c4100000, 0x00000000eb200000)
  object space 44032K, 3% used [0x00000000c1600000,0x00000000c1793660,0x00000000c4100000)
 Metaspace       used 4219K, capacity 4818K, committed 4864K, reserved 1056768K
  class space    used 460K, capacity 501K, committed 512K, reserved 1048576K
}
Event: 4.860 GC heap before
{Heap before GC invocations=9 (full 0):
 PSYoungGen      total 263680K, used 263616K [0x00000000eb200000, 0x00000000fb800000, 0x0000000100000000)
  eden space 260608K, 100% used [0x00000000eb200000,0x00000000fb080000,0x00000000fb080000)
  from space 3072K, 97% used [0x00000000fb400000,0x00000000fb6f0000,0x00000000fb700000)
  to   space 3584K, 0% used [0x00000000fb080000,0x00000000fb080000,0x00000000fb400000)
 ParOldGen       total 44032K, used 1613K [0x00000000c1600000, 0x00000000c4100000, 0x00000000eb200000)
  object space 44032K, 3% used [0x00000000c1600000,0x00000000c1793660,0x00000000c4100000)
 Metaspace       used 4443K, capacity 4882K, committed 5120K, reserved 1056768K
  class space    used 476K, capacity 501K, committed 512K, reserved 1048576K
Event: 4.870 GC heap after
Heap after GC invocations=9 (full 0):
 PSYoungGen      total 264192K, used 3584K [0x00000000eb200000, 0x0000000100000000, 0x0000000100000000)
  eden space 260608K, 0% used [0x00000000eb200000,0x00000000eb200000,0x00000000fb080000)
  from space 3584K, 100% used [0x00000000fb080000,0x00000000fb400000,0x00000000fb400000)
  to   space 4608K, 0% used [0x00000000ffb80000,0x00000000ffb80000,0x0000000100000000)
 ParOldGen       total 44032K, used 3053K [0x00000000c1600000, 0x00000000c4100000, 0x00000000eb200000)
  object space 44032K, 6% used [0x00000000c1600000,0x00000000c18fb660,0x00000000c4100000)
 Metaspace       used 4443K, capacity 4882K, committed 5120K, reserved 1056768K
  class space    used 476K, capacity 501K, committed 512K, reserved 1048576K
}

Deoptimization events (10 events):
Event: 4.843 Thread 0x0000000002df2800 Uncommon trap: reason=unstable_if action=reinterpret pc=0x00000000030a8024 method=java.util.HashMap.getNode(ILjava/lang/Object;)Ljava/util/HashMap$Node; @ 28
Event: 4.845 Thread 0x0000000002df2800 Uncommon trap: reason=class_check action=maybe_recompile pc=0x000000000304f0b0 method=java.util.TreeMap.put(Ljava/lang/Object;Ljava/lang/Object;)Ljava/lang/Object; @ 127
Event: 4.845 Thread 0x0000000002df2800 Uncommon trap: reason=class_check action=maybe_recompile pc=0x000000000304f0b0 method=java.util.TreeMap.put(Ljava/lang/Object;Ljava/lang/Object;)Ljava/lang/Object; @ 127
Event: 4.845 Thread 0x0000000002df2800 Uncommon trap: reason=class_check action=maybe_recompile pc=0x000000000304f0b0 method=java.util.TreeMap.put(Ljava/lang/Object;Ljava/lang/Object;)Ljava/lang/Object; @ 127
Event: 4.845 Thread 0x0000000002df2800 Uncommon trap: reason=class_check action=maybe_recompile pc=0x000000000304f0b0 method=java.util.TreeMap.put(Ljava/lang/Object;Ljava/lang/Object;)Ljava/lang/Object; @ 127
Event: 4.855 Thread 0x0000000002df2800 Uncommon trap: reason=unstable_if action=reinterpret pc=0x000000000315cc18 method=java.util.TreeMap.successor(Ljava/util/TreeMap$Entry;)Ljava/util/TreeMap$Entry; @ 43
Event: 4.856 Thread 0x0000000002df2800 Uncommon trap: reason=class_check action=maybe_recompile pc=0x00000000030dd624 method=java.util.AbstractCollection.toArray()[Ljava/lang/Object; @ 1
Event: 4.857 Thread 0x0000000002df2800 Uncommon trap: reason=unstable_if action=reinterpret pc=0x0000000003198cd0 method=java.util.ArrayList.toArray([Ljava/lang/Object;)[Ljava/lang/Object; @ 6
Event: 4.857 Thread 0x0000000002df2800 Uncommon trap: reason=unstable_if action=reinterpret pc=0x0000000003184aa0 method=java.util.Arrays.copyOf([Ljava/lang/Object;ILjava/lang/Class;)[Ljava/lang/Object; @ 3
Event: 4.860 Thread 0x0000000002df2800 Uncommon trap: reason=unstable_if action=reinterpret pc=0x000000000319bc20 method=java.io.BufferedOutputStream.write([BII)V @ 6

Internal exceptions (7 events):
Event: 0.050 Thread 0x0000000002df2800 Exception <a 'java/lang/NoSuchMethodError': Method sun.misc.Unsafe.defineClass(Ljava/lang/String;[BII)Ljava/lang/Class; name or signature does not match> (0x00000000eb212da0) thrown at [C:\re\workspace\8-2-build-windows-amd64-cygwin\jdk8u66\4988\hotspot\sr”ªZTš©?
Event: 0.050 Thread 0x0000000002df2800 Exception <a 'java/lang/NoSuchMethodError': Method sun.misc.Unsafe.prefetchRead(Ljava/lang/Object;J)V name or signature does not match> (0x00000000eb213088) thrown at [C:\re\workspace\8-2-build-windows-amd64-cygwin\jdk8u66\4988\hotspot\src\share\vm\prims\j©À•Ô;aÕ?
Event: 0.334 Thread 0x0000000017768800 Exception <a 'java/security/PrivilegedActionException'> (0x00000000eb5cfdb8) thrown at [C:\re\workspace\8-2-build-windows-amd64-cygwin\jdk8u66\4988\hotspot\src\share\vm\prims\jvm.cpp, line 1386]
Event: 0.334 Thread 0x0000000017768800 Exception <a 'java/security/PrivilegedActionException'> (0x00000000eb5d01b0) thrown at [C:\re\workspace\8-2-build-windows-amd64-cygwin\jdk8u66\4988\hotspot\src\share\vm\prims\jvm.cpp, line 1386]
Event: 0.335 Thread 0x0000000017768800 Exception <a 'java/security/PrivilegedActionException'> (0x00000000eb5d43c8) thrown at [C:\re\workspace\8-2-build-windows-amd64-cygwin\jdk8u66\4988\hotspot\src\share\vm\prims\jvm.cpp, line 1386]
Event: 0.335 Thread 0x0000000017768800 Exception <a 'java/security/PrivilegedActionException'> (0x00000000eb5d47c0) thrown at [C:\re\workspace\8-2-build-windows-amd64-cygwin\jdk8u66\4988\hotspot\src\share\vm\prims\jvm.cpp, line 1386]
Event: 4.843 Thread 0x0000000002df2800 Implicit null exception at 0x00000000030a7e36 to 0x00000000030a7ffd

Events (10 events):
Event: 4.870 Executing VM operation: ParallelGCFailedAllocation done
Event: 4.871 Executing VM operation: RevokeBias
Event: 4.871 Executing VM operation: RevokeBias done
Event: 4.871 Executing VM operation: RevokeBias
Event: 4.871 Executing VM operation: RevokeBias done
Event: 4.871 loading class java/lang/Shutdown
Event: 4.871 loading class java/lang/Shutdown done
Event: 4.871 loading class java/lang/Shutdown$Lock
Event: 4.871 loading class java/lang/Shutdown$Lock done
Event: 4.872 Thread 0x0000000002df2800 Thread exited: 0x0000000002df2800


Dynamic libraries:
0x00007ff7f3850000 - 0x00007ff7f3887000 	C:\Program Files\Java\jdk1.8.0_66\bin\javaw.exe
0x00007ffa4d990000 - 0x00007ffa4db51000 	C:\WINDOWS\SYSTEM32\ntdll.dll
0x00007ffa4c990000 - 0x00007ffa4ca3d000 	C:\WINDOWS\system32\KERNEL32.DLL
0x00007ffa4ae20000 - 0x00007ffa4affd000 	C:\WINDOWS\system32\KERNELBASE.dll
0x00007ffa4d0c0000 - 0x00007ffa4d166000 	C:\WINDOWS\system32\ADVAPI32.dll
0x00007ffa4c8f0000 - 0x00007ffa4c98d000 	C:\WINDOWS\system32\msvcrt.dll
0x00007ffa4c700000 - 0x00007ffa4c75b000 	C:\WINDOWS\system32\sechost.dll
0x00007ffa4cb90000 - 0x00007ffa4ccb6000 	C:\WINDOWS\system32\RPCRT4.dll
0x00007ffa4c7a0000 - 0x00007ffa4c8ee000 	C:\WINDOWS\system32\USER32.dll
0x00007ffa4d7d0000 - 0x00007ffa4d956000 	C:\WINDOWS\system32\GDI32.dll
0x00007ffa41a10000 - 0x00007ffa41c84000 	C:\WINDOWS\WinSxS\amd64_microsoft.windows.common-controls_6595b64144ccf1df_6.0.10240.16384_none_f41f7b285750ef43\COMCTL32.dll
0x00007ffa4c760000 - 0x00007ffa4c796000 	C:\WINDOWS\system32\IMM32.DLL
0x00007ffa4cdb0000 - 0x00007ffa4cf0c000 	C:\WINDOWS\system32\MSCTF.dll
0x000000005ae40000 - 0x000000005af12000 	C:\Program Files\Java\jdk1.8.0_66\jre\bin\msvcr100.dll
0x000000005a5b0000 - 0x000000005ae39000 	C:\Program Files\Java\jdk1.8.0_66\jre\bin\server\jvm.dll
0x00007ffa4cfd0000 - 0x00007ffa4cfd8000 	C:\WINDOWS\system32\PSAPI.DLL
0x00007ffa483d0000 - 0x00007ffa483f3000 	C:\WINDOWS\SYSTEM32\WINMM.dll
0x00007ffa40bf0000 - 0x00007ffa40bfa000 	C:\WINDOWS\SYSTEM32\VERSION.dll
0x0000000002960000 - 0x000000000298c000 	C:\WINDOWS\SYSTEM32\WINMMBASE.dll
0x00007ffa4a510000 - 0x00007ffa4a554000 	C:\WINDOWS\system32\cfgmgr32.dll
0x00007ffa484c0000 - 0x00007ffa484c9000 	C:\WINDOWS\SYSTEM32\WSOCK32.dll
0x00007ffa4cfe0000 - 0x00007ffa4d049000 	C:\WINDOWS\system32\WS2_32.dll
0x00007ffa48c90000 - 0x00007ffa48cb7000 	C:\WINDOWS\SYSTEM32\DEVOBJ.dll
0x00007ffa4d980000 - 0x00007ffa4d988000 	C:\WINDOWS\system32\NSI.dll
0x000000005bcb0000 - 0x000000005bcbf000 	C:\Program Files\Java\jdk1.8.0_66\jre\bin\verify.dll
0x000000005a580000 - 0x000000005a5a9000 	C:\Program Files\Java\jdk1.8.0_66\jre\bin\java.dll
0x000000005a540000 - 0x000000005a575000 	C:\Program Files\Java\jdk1.8.0_66\jre\bin\jdwp.dll
0x000000005bca0000 - 0x000000005bca8000 	C:\Program Files\Java\jdk1.8.0_66\jre\bin\npt.dll
0x000000005a520000 - 0x000000005a536000 	C:\Program Files\Java\jdk1.8.0_66\jre\bin\zip.dll
0x00007ffa4b120000 - 0x00007ffa4c642000 	C:\WINDOWS\system32\SHELL32.dll
0x00007ffa4a730000 - 0x00007ffa4ad58000 	C:\WINDOWS\system32\windows.storage.dll
0x00007ffa4d550000 - 0x00007ffa4d7cc000 	C:\WINDOWS\system32\combase.dll
0x00007ffa4cf70000 - 0x00007ffa4cfc1000 	C:\WINDOWS\system32\shlwapi.dll
0x00007ffa4a3c0000 - 0x00007ffa4a3cf000 	C:\WINDOWS\system32\kernel.appcore.dll
0x00007ffa4ad60000 - 0x00007ffa4ae13000 	C:\WINDOWS\system32\shcore.dll
0x00007ffa4a410000 - 0x00007ffa4a45a000 	C:\WINDOWS\system32\powrprof.dll
0x00007ffa4a3d0000 - 0x00007ffa4a3e3000 	C:\WINDOWS\system32\profapi.dll
0x000000005bc90000 - 0x000000005bc99000 	C:\Program Files\Java\jdk1.8.0_66\jre\bin\dt_socket.dll
0x00007ffa3b770000 - 0x00007ffa3b785000 	C:\WINDOWS\system32\napinsp.dll
0x00007ffa3b790000 - 0x00007ffa3b7aa000 	C:\WINDOWS\system32\pnrpnsp.dll
0x00007ffa477e0000 - 0x00007ffa477f8000 	C:\WINDOWS\system32\NLAapi.dll
0x00007ffa49bf0000 - 0x00007ffa49c4d000 	C:\WINDOWS\System32\mswsock.dll
0x00007ffa499d0000 - 0x00007ffa49a78000 	C:\WINDOWS\SYSTEM32\DNSAPI.dll
0x00007ffa3b7b0000 - 0x00007ffa3b7bd000 	C:\WINDOWS\System32\winrnr.dll
0x00007ffa3b850000 - 0x00007ffa3b865000 	C:\WINDOWS\system32\wshbth.dll
0x00007ffa44210000 - 0x00007ffa44278000 	C:\WINDOWS\System32\fwpuclnt.dll
0x00007ffa4a2f0000 - 0x00007ffa4a318000 	C:\WINDOWS\SYSTEM32\bcrypt.dll
0x00007ffa409e0000 - 0x00007ffa409ea000 	C:\Windows\System32\rasadhlp.dll
0x00007ffa47380000 - 0x00007ffa4750a000 	C:\WINDOWS\SYSTEM32\dbghelp.dll

VM Arguments:
jvm_args: -agentlib:jdwp=transport=dt_socket,suspend=y,address=localhost:63601 -Dfile.encoding=UTF-8 
java_command: Main
java_class_path (initial): C:\Users\yutaka kocchi\git\HitAndBlow\build\classes;C:\Program Files\Apache Software Foundation\Tomcat 7.0\lib\annotations-api.jar;C:\Program Files\Apache Software Foundation\Tomcat 7.0\lib\catalina-ant.jar;C:\Program Files\Apache Software Foundation\Tomcat 7.0\lib\catalina-ha.jar;C:\Program Files\Apache Software Foundation\Tomcat 7.0\lib\catalina-tribes.jar;C:\Program Files\Apache Software Foundation\Tomcat 7.0\lib\catalina.jar;C:\Program Files\Apache Software Foundation\Tomcat 7.0\lib\ecj-4.3.1.jar;C:\Program Files\Apache Software Foundation\Tomcat 7.0\lib\el-api.jar;C:\Program Files\Apache Software Foundation\Tomcat 7.0\lib\jasper-el.jar;C:\Program Files\Apache Software Foundation\Tomcat 7.0\lib\jasper.jar;C:\Program Files\Apache Software Foundation\Tomcat 7.0\lib\jsp-api.jar;C:\Program Files\Apache Software Foundation\Tomcat 7.0\lib\servlet-api.jar;C:\Program Files\Apache Software Foundation\Tomcat 7.0\lib\tomcat-api.jar;C:\Program Files\Apache Software Foundation\Tomcat 7.0\lib\tomcat-coyote.jar;C:\Program Files\Apache Software Foundation\Tomcat 7.0\lib\tomcat-dbcp.jar;C:\Program Files\Apache Software Foundation\Tomcat 7.0\lib\tomcat-i18n-es.jar;C:\Program Files\Apache Software Foundation\Tomcat 7.0\lib\tomcat-i18n-fr.jar;C:\Program Files\Apache Software Foundation\Tomcat 7.0\lib\tomcat-i18n-ja.jar;C:\Program Files\Apache Software Foundation\Tomcat 7.0\lib\tomcat-jdbc.jar;C:\Program Files\Apache Software Foundation\Tomcat 7.0\lib\tomcat-util.jar;C:\Program Files\Apache Software Foundation\Tomcat 7.0\lib\tomcat7-websocket.jar;C:\Program Files\Apache Software Foundation\Tomcat 7.0\lib\websocket-api.jar
Launcher Type: SUN_STANDARD

Environment Variables:
JAVA_HOME=C:\Program Files\Java\jdk1.7.0_55\bin;
PATH=C:\Program Files\Java\jdk1.8.0_66\jre\bin;C:/pleiades/eclipse/jre/bin/server;C:/pleiades/eclipse/jre/bin;C:/pleiades/eclipse/jre/lib/amd64;C:\ProgramData\Oracle\Java\javapath;C:\Program Files\Java\jdk1.7.0_55\bin;c:\Program Files (x86)\Intel\iCLS Client\;c:\Program Files\Intel\iCLS Client\;C:\WINDOWS\system32;C:\WINDOWS;C:\WINDOWS\System32\Wbem;C:\WINDOWS\System32\WindowsPowerShell\v1.0\;C:\Program Files\Intel\WiFi\bin\;C:\Program Files\Common Files\Intel\WirelessCommon\;C:\Program Files\Intel\Intel(R) Management Engine Components\DAL;C:\Program Files\Intel\Intel(R) Management Engine Components\IPT;C:\Program Files (x86)\Intel\Intel(R) Management Engine Components\DAL;C:\Program Files (x86)\Intel\Intel(R) Management Engine Components\IPT;C:\Program Files\Sony\VAIO Improvement;c:\Program Files (x86)\Sony\VAIO BIOS Data Transfer Utility\;C:\Program Files (x86)\Sony\VAIO Startup Setting Tool;C:\pleiades\eclipse;
USERNAME=yutaka kocchi
OS=Windows_NT
PROCESSOR_IDENTIFIER=Intel64 Family 6 Model 69 Stepping 1, GenuineIntel



---------------  S Y S T E M  ---------------

OS: Windows 10.0 , 64 bit Build 10240 (10.0.10240.16384)

CPU:total 4 (2 cores per cpu, 2 threads per core) family 6 model 69 stepping 1, cmov, cx8, fxsr, mmx, sse, sse2, sse3, ssse3, sse4.1, sse4.2, popcnt, avx, avx2, aes, clmul, erms, lzcnt, ht, tsc, tscinvbit, bmi1, bmi2

Memory: 4k page, physical 4097428k(738880k free), swap 5211540k(651288k free)

vm_info: Java HotSpot(TM) 64-Bit Server VM (25.66-b17) for windows-amd64 JRE (1.8.0_66-b17), built on Oct  6 2015 18:55:33 by "java_re" with MS VC++ 10.0 (VS2010)

time: Sun Nov 15 00:57:49 2015
elapsed time: 4 seconds (0d 0h 0m 4s)

